<?xml version="1.0" encoding="UTF-8"?>
<!-- Generated by org.testng.reporters.JUnitReportReporter -->
<testsuite hostname="DESKTOP-S4B5J1M" failures="0" tests="2" name="Module1_login_Test.PBContactsDetailsVerification" time="61.203" errors="0" timestamp="2023-08-25T10:19:19 IST" skipped="0">
  <testcase classname="Module1_login_Test.PBContactsDetailsVerification" name="verifyMobNumber" time="31.854"/>
  <system-out/>
  <testcase classname="Module1_login_Test.PBContactsDetailsVerification" name="verifyEmail" time="29.349"/>
  <system-out/>
</testsuite> <!-- Module1_login_Test.PBContactsDetailsVerification -->
