<?xml version="1.0" encoding="UTF-8"?>
<!-- Generated by org.testng.reporters.JUnitReportReporter -->
<testsuite hostname="DESKTOP-S4B5J1M" failures="0" tests="1" name="Module1_login_Test.PBLoginTest1" time="28.181" errors="0" timestamp="2023-07-23T20:06:54 IST" skipped="0">
  <testcase classname="Module1_login_Test.PBLoginTest1" name="verifyFullName" time="28.181"/>
  <system-out/>
</testsuite> <!-- Module1_login_Test.PBLoginTest1 -->
