<?xml version="1.0" encoding="UTF-8"?>
<!-- Generated by org.testng.reporters.JUnitReportReporter -->
<testsuite hostname="Sanju" failures="0" tests="1" name="Module1_login_Test.PBLoginTest1" time="25.052" errors="0" timestamp="2023-06-23T08:31:54 IST" skipped="0">
  <testcase classname="Module1_login_Test.PBLoginTest1" name="verifyFullName" time="25.052"/>
  <system-out/>
</testsuite> <!-- Module1_login_Test.PBLoginTest1 -->
